tour3d/build/intermediates/manifest_merge_blame_file/debug/manifest-merger-blame-debug-report.txt
1<?xml version="1.0" encoding="utf-8"?>
2<!-- GENERATED BY UNITY. REMOVE THIS COMMENT TO PREVENT OVERWRITING WHEN EXPORTING AGAIN -->
3<manifest xmlns:android="http://schemas.android.com/apk/res/android"
4    xmlns:tools="http://schemas.android.com/tools"
5    package="com.unity3d.tour3d"
6    android:versionCode="1"
7    android:versionName="0.1" >
8
9    <uses-sdk
10        android:minSdkVersion="19"
10-->src\main\AndroidManifest.xml
11        android:targetSdkVersion="29" />
11-->src\main\AndroidManifest.xml
12
13    <uses-feature android:glEsVersion="0x00030000" />
13-->src\main\AndroidManifest.xml:14:3-52
13-->src\main\AndroidManifest.xml:14:17-49
14    <uses-feature
14-->src\main\AndroidManifest.xml:15:3-91
15        android:name="android.hardware.vulkan.version"
15-->src\main\AndroidManifest.xml:15:17-63
16        android:required="false" />
16-->src\main\AndroidManifest.xml:15:64-88
17
18    <uses-permission android:name="android.permission.INTERNET" />
18-->src\main\AndroidManifest.xml:16:3-65
18-->src\main\AndroidManifest.xml:16:20-62
19    <uses-permission android:name="android.permission.READ_EXTERNAL_STORAGE" />
19-->src\main\AndroidManifest.xml:17:3-78
19-->src\main\AndroidManifest.xml:17:20-75
20
21    <uses-feature
21-->src\main\AndroidManifest.xml:18:3-88
22        android:name="android.hardware.touchscreen"
22-->src\main\AndroidManifest.xml:18:17-60
23        android:required="false" />
23-->src\main\AndroidManifest.xml:18:61-85
24    <uses-feature
24-->src\main\AndroidManifest.xml:19:3-99
25        android:name="android.hardware.touchscreen.multitouch"
25-->src\main\AndroidManifest.xml:19:17-71
26        android:required="false" />
26-->src\main\AndroidManifest.xml:19:72-96
27    <uses-feature
27-->src\main\AndroidManifest.xml:20:3-108
28        android:name="android.hardware.touchscreen.multitouch.distinct"
28-->src\main\AndroidManifest.xml:20:17-80
29        android:required="false" />
29-->src\main\AndroidManifest.xml:20:81-105
30
31    <application>
31-->src\main\AndroidManifest.xml:4:3-13:17
32        <activity
32-->src\main\AndroidManifest.xml:5:5-8:16
33            android:name="com.unity3d.tour3d.UnityPlayerActivity"
33-->src\main\AndroidManifest.xml:5:15-68
34            android:configChanges="mcc|mnc|locale|touchscreen|keyboard|keyboardHidden|navigation|orientation|screenLayout|uiMode|screenSize|smallestScreenSize|fontScale|layoutDirection|density"
34-->src\main\AndroidManifest.xml:5:182-363
35            android:hardwareAccelerated="true"
35-->src\main\AndroidManifest.xml:5:364-398
36            android:launchMode="singleTask"
36-->src\main\AndroidManifest.xml:5:150-181
37            android:screenOrientation="fullSensor"
37-->src\main\AndroidManifest.xml:5:111-149
38            android:theme="@style/UnityThemeSelector" >
38-->src\main\AndroidManifest.xml:5:69-110
39            <meta-data
39-->src\main\AndroidManifest.xml:6:7-82
40                android:name="unityplayer.UnityActivity"
40-->src\main\AndroidManifest.xml:6:18-58
41                android:value="true" />
41-->src\main\AndroidManifest.xml:6:59-79
42            <meta-data
42-->src\main\AndroidManifest.xml:7:7-78
43                android:name="android.notch_support"
43-->src\main\AndroidManifest.xml:7:18-54
44                android:value="true" />
44-->src\main\AndroidManifest.xml:7:55-75
45        </activity>
46
47        <meta-data
47-->src\main\AndroidManifest.xml:9:5-69
48            android:name="unity.splash-mode"
48-->src\main\AndroidManifest.xml:9:16-48
49            android:value="1" />
49-->src\main\AndroidManifest.xml:9:49-66
50        <meta-data
50-->src\main\AndroidManifest.xml:10:5-75
51            android:name="unity.splash-enable"
51-->src\main\AndroidManifest.xml:10:16-50
52            android:value="False" />
52-->src\main\AndroidManifest.xml:10:51-72
53        <meta-data
53-->src\main\AndroidManifest.xml:11:5-72
54            android:name="notch.config"
54-->src\main\AndroidManifest.xml:11:16-43
55            android:value="landscape" />
55-->src\main\AndroidManifest.xml:11:44-69
56        <meta-data
56-->src\main\AndroidManifest.xml:12:5-101
57            android:name="unity.build-id"
57-->src\main\AndroidManifest.xml:12:16-45
58            android:value="d4792c8e-3191-4617-8d17-a94b1e8e7eeb" />
58-->src\main\AndroidManifest.xml:12:46-98
59    </application>
60
61</manifest>